<?xml version="1.0" encoding="UTF-8"?>
<!-- Generated by org.testng.reporters.JUnitReportReporter -->
<testsuite hostname="DESKTOP-FGUCRA2" failures="0" tests="1" name="com.ds.utilities.UtilClass" time="4.954" errors="0" timestamp="2023-01-28T15:25:27 IST" skipped="0">
  <testcase classname="com.ds.utilities.UtilClass" name="test" time="4.954"/>
  <system-out/>
</testsuite> <!-- com.ds.utilities.UtilClass -->
