<?xml version="1.0" encoding="UTF-8"?>
<!-- Generated by org.testng.reporters.JUnitReportReporter -->
<testsuite hostname="DESKTOP-FGUCRA2" failures="0" tests="2" name="com.ds.testLayer.SignupPageTest" time="16.205" errors="0" timestamp="2023-01-28T16:33:13 IST" skipped="0">
  <testcase classname="com.ds.testLayer.SignupPageTest" name="test" time="4.229"/>
  <system-out/>
  <testcase classname="com.ds.testLayer.SignupPageTest" name="SignUpwithCorrectID" time="11.976"/>
  <system-out/>
</testsuite> <!-- com.ds.testLayer.SignupPageTest -->
