<?xml version="1.0" encoding="UTF-8"?>
<!-- Generated by org.testng.reporters.JUnitReportReporter -->
<testsuite hostname="DESKTOP-FGUCRA2" failures="0" tests="1" name="com.ds.utilities.ReadConfig" time="0.014" errors="0" timestamp="2023-02-04T11:49:44 IST" skipped="0">
  <testcase classname="com.ds.utilities.ReadConfig" name="getApplicationUrl" time="0.014"/>
  <system-out/>
</testsuite> <!-- com.ds.utilities.ReadConfig -->
