<?xml version="1.0" encoding="UTF-8"?>
<!-- Generated by org.testng.reporters.JUnitReportReporter -->
<testsuite hostname="DESKTOP-FGUCRA2" failures="0" tests="1" name="com.ds.testLayer.TransactionTestPage" time="10.366" errors="0" timestamp="2023-02-04T18:54:45 IST" skipped="0">
  <testcase classname="com.ds.testLayer.TransactionTestPage" name="getDatafromTransactionPage" time="10.366"/>
  <system-out/>
</testsuite> <!-- com.ds.testLayer.TransactionTestPage -->
