<?xml version="1.0" encoding="UTF-8"?>
<!-- Generated by org.testng.reporters.JUnitReportReporter -->
<testsuite hostname="DESKTOP-FGUCRA2" failures="0" tests="1" name="com.ds.testLayer.LogOutFunctionality" time="7.863" errors="0" timestamp="2023-02-04T18:54:45 IST" skipped="0">
  <testcase classname="com.ds.testLayer.LogOutFunctionality" name="ClickOnLogoff" time="7.863"/>
  <system-out/>
</testsuite> <!-- com.ds.testLayer.LogOutFunctionality -->
